<?xml version="1.0" encoding="UTF-8"?>
<!-- Generated by org.testng.reporters.JUnitReportReporter -->
<testsuite skipped="0" hostname="LENOVO-PC" name="com.abc.testNG.TestNGClass" tests="2" failures="0" timestamp="03 Apr 2019 04:15:18 GMT" time="0.023" errors="0">
  <testcase name="b" time="0.022" classname="com.abc.testNG.TestNGClass"/>
  <testcase name="c" time="0.001" classname="com.abc.testNG.TestNGClass"/>
</testsuite> <!-- com.abc.testNG.TestNGClass -->
