<?xml version="1.0" encoding="UTF-8"?>
<!-- Generated by org.testng.reporters.JUnitReportReporter -->
<testsuite skipped="0" hostname="LENOVO-PC" name="com.abc.testNG.Demo" tests="1" failures="0" timestamp="03 Apr 2019 04:21:05 GMT" time="0.016" errors="0">
  <testcase name="a" time="0.016" classname="com.abc.testNG.Demo"/>
</testsuite> <!-- com.abc.testNG.Demo -->
