<?xml version="1.0" encoding="UTF-8"?>
<!-- Generated by org.testng.reporters.JUnitReportReporter -->
<testsuite skipped="1" hostname="LENOVO-PC" name="com.abc.testNG.Attribute2" tests="4" failures="0" timestamp="03 Apr 2019 04:43:24 GMT" time="0.023" errors="0">
  <testcase name="launch" time="0.017" classname="com.abc.testNG.Attribute2"/>
  <testcase name="launch" time="0.003" classname="com.abc.testNG.Attribute2"/>
  <testcase name="launch" time="0.003" classname="com.abc.testNG.Attribute2"/>
  <testcase name="navigate" classname="com.abc.testNG.Attribute2">
    <skipped/>
  </testcase> <!-- navigate -->
</testsuite> <!-- com.abc.testNG.Attribute2 -->
